# JRE version: OpenJDK Runtime Environment Temurin-17.0.7+7 (17.0.7+7) (build 17.0.7+7)
# Java VM: OpenJDK 64-Bit Server VM Temurin-17.0.7+7 (17.0.7+7, mixed mode, emulated-client, tiered, compressed oops, compressed class ptrs, g1 gc, windows-amd64)
GC Precious Log:
 CPUs: 12 total, 12 available
 Memory: 7561M
 Large Page Support: Disabled
 NUMA Support: Disabled
 Compressed Oops: Enabled (32-bit)
 Heap Region Size: 1M
 Heap Min Capacity: 8M
 Heap Initial Capacity: 120M
 Heap Max Capacity: 1G
 Pre-touch: Disabled
 Parallel Workers: 10
 Concurrent Workers: 3
 Concurrent Refinement Workers: 10
 Periodic GC: Disabled
Heap:
 garbage-first heap   total 157696K, used 50542K [0x00000000c0000000, 0x0000000100000000)
  region size 1024K, 1 young (1024K), 0 survivors (0K)
 Metaspace       used 68823K, committed 69248K, reserved 1114112K
  class space    used 9044K, committed 9216K, reserved 1048576K
GC Heap History (20 events):
Event: 120544.020 GC heap before
{Heap before GC invocations=5879 (full 5804):
 garbage-first heap   total 157696K, used 50542K [0x00000000c0000000, 0x0000000100000000)
  region size 1024K, 1 young (1024K), 0 survivors (0K)
 Metaspace       used 68823K, committed 69248K, reserved 1114112K
  class space    used 9044K, committed 9216K, reserved 1048576K
}
Event: 120544.101 GC heap after
{Heap after GC invocations=5880 (full 5805):
 garbage-first heap   total 157696K, used 50542K [0x00000000c0000000, 0x0000000100000000)
  region size 1024K, 0 young (0K), 0 survivors (0K)
 Metaspace       used 68823K, committed 69248K, reserved 1114112K
  class space    used 9044K, committed 9216K, reserved 1048576K
}
Event: 120554.365 GC heap before
{Heap before GC invocations=5880 (full 5805):
 garbage-first heap   total 157696K, used 50542K [0x00000000c0000000, 0x0000000100000000)
  region size 1024K, 1 young (1024K), 0 survivors (0K)
 Metaspace       used 68823K, committed 69248K, reserved 1114112K
  class space    used 9044K, committed 9216K, reserved 1048576K
}
Event: 120554.448 GC heap after
{Heap after GC invocations=5881 (full 5806):
 garbage-first heap   total 157696K, used 50542K [0x00000000c0000000, 0x0000000100000000)
  region size 1024K, 0 young (0K), 0 survivors (0K)
 Metaspace       used 68823K, committed 69248K, reserved 1114112K
  class space    used 9044K, committed 9216K, reserved 1048576K
}
Event: 120564.699 GC heap before
{Heap before GC invocations=5881 (full 5806):
 garbage-first heap   total 157696K, used 50542K [0x00000000c0000000, 0x0000000100000000)
  region size 1024K, 1 young (1024K), 0 survivors (0K)
 Metaspace       used 68823K, committed 69248K, reserved 1114112K
  class space    used 9044K, committed 9216K, reserved 1048576K
}
Event: 120564.780 GC heap after
{Heap after GC invocations=5882 (full 5807):
 garbage-first heap   total 157696K, used 50542K [0x00000000c0000000, 0x0000000100000000)
  region size 1024K, 0 young (0K), 0 survivors (0K)
 Metaspace       used 68823K, committed 69248K, reserved 1114112K
  class space    used 9044K, committed 9216K, reserved 1048576K
}
Event: 120575.034 GC heap before
{Heap before GC invocations=5882 (full 5807):
 garbage-first heap   total 157696K, used 50542K [0x00000000c0000000, 0x0000000100000000)
  region size 1024K, 1 young (1024K), 0 survivors (0K)
 Metaspace       used 68823K, committed 69248K, reserved 1114112K
  class space    used 9044K, committed 9216K, reserved 1048576K
}
Event: 120575.121 GC heap after
{Heap after GC invocations=5883 (full 5808):
 garbage-first heap   total 157696K, used 50542K [0x00000000c0000000, 0x0000000100000000)
  region size 1024K, 0 young (0K), 0 survivors (0K)
 Metaspace       used 68823K, committed 69248K, reserved 1114112K
  class space    used 9044K, committed 9216K, reserved 1048576K
}
Event: 120585.374 GC heap before
{Heap before GC invocations=5883 (full 5808):
 garbage-first heap   total 157696K, used 50542K [0x00000000c0000000, 0x0000000100000000)
  region size 1024K, 1 young (1024K), 0 survivors (0K)
 Metaspace       used 68823K, committed 69248K, reserved 1114112K
  class space    used 9044K, committed 9216K, reserved 1048576K
}
Event: 120585.465 GC heap after
{Heap after GC invocations=5884 (full 5809):
 garbage-first heap   total 157696K, used 50542K [0x00000000c0000000, 0x0000000100000000)
  region size 1024K, 0 young (0K), 0 survivors (0K)
 Metaspace       used 68823K, committed 69248K, reserved 1114112K
  class space    used 9044K, committed 9216K, reserved 1048576K
}
Event: 120595.709 GC heap before
{Heap before GC invocations=5884 (full 5809):
 garbage-first heap   total 157696K, used 50542K [0x00000000c0000000, 0x0000000100000000)
  region size 1024K, 1 young (1024K), 0 survivors (0K)
 Metaspace       used 68823K, committed 69248K, reserved 1114112K
  class space    used 9044K, committed 9216K, reserved 1048576K
}
Event: 120595.791 GC heap after
{Heap after GC invocations=5885 (full 5810):
 garbage-first heap   total 157696K, used 50542K [0x00000000c0000000, 0x0000000100000000)
  region size 1024K, 0 young (0K), 0 survivors (0K)
 Metaspace       used 68823K, committed 69248K, reserved 1114112K
  class space    used 9044K, committed 9216K, reserved 1048576K
}
Event: 120606.051 GC heap before
{Heap before GC invocations=5885 (full 5810):
 garbage-first heap   total 157696K, used 50542K [0x00000000c0000000, 0x0000000100000000)
  region size 1024K, 1 young (1024K), 0 survivors (0K)
 Metaspace       used 68823K, committed 69248K, reserved 1114112K
  class space    used 9044K, committed 9216K, reserved 1048576K
}
Event: 120606.133 GC heap after
{Heap after GC invocations=5886 (full 5811):
 garbage-first heap   total 157696K, used 50542K [0x00000000c0000000, 0x0000000100000000)
  region size 1024K, 0 young (0K), 0 survivors (0K)
 Metaspace       used 68823K, committed 69248K, reserved 1114112K
  class space    used 9044K, committed 9216K, reserved 1048576K
}
Event: 120616.376 GC heap before
{Heap before GC invocations=5886 (full 5811):
 garbage-first heap   total 157696K, used 50542K [0x00000000c0000000, 0x0000000100000000)
  region size 1024K, 1 young (1024K), 0 survivors (0K)
 Metaspace       used 68823K, committed 69248K, reserved 1114112K
  class space    used 9044K, committed 9216K, reserved 1048576K
}
Event: 120616.457 GC heap after
{Heap after GC invocations=5887 (full 5812):
 garbage-first heap   total 157696K, used 50542K [0x00000000c0000000, 0x0000000100000000)
  region size 1024K, 0 young (0K), 0 survivors (0K)
 Metaspace       used 68823K, committed 69248K, reserved 1114112K
  class space    used 9044K, committed 9216K, reserved 1048576K
}
Event: 120626.697 GC heap before
{Heap before GC invocations=5887 (full 5812):
 garbage-first heap   total 157696K, used 50542K [0x00000000c0000000, 0x0000000100000000)
  region size 1024K, 1 young (1024K), 0 survivors (0K)
 Metaspace       used 68823K, committed 69248K, reserved 1114112K
  class space    used 9044K, committed 9216K, reserved 1048576K
}
Event: 120626.781 GC heap after
{Heap after GC invocations=5888 (full 5813):
 garbage-first heap   total 157696K, used 50542K [0x00000000c0000000, 0x0000000100000000)
  region size 1024K, 0 young (0K), 0 survivors (0K)
 Metaspace       used 68823K, committed 69248K, reserved 1114112K
  class space    used 9044K, committed 9216K, reserved 1048576K
}
Event: 120637.044 GC heap before
{Heap before GC invocations=5888 (full 5813):
 garbage-first heap   total 157696K, used 50542K [0x00000000c0000000, 0x0000000100000000)
  region size 1024K, 1 young (1024K), 0 survivors (0K)
 Metaspace       used 68823K, committed 69248K, reserved 1114112K
  class space    used 9044K, committed 9216K, reserved 1048576K
}
Event: 120637.131 GC heap after
{Heap after GC invocations=5889 (full 5814):
 garbage-first heap   total 157696K, used 50542K [0x00000000c0000000, 0x0000000100000000)
  region size 1024K, 0 young (0K), 0 survivors (0K)
 Metaspace       used 68823K, committed 69248K, reserved 1114112K
  class space    used 9044K, committed 9216K, reserved 1048576K
}

